{"C:\\Users\\safia\\OneDrive\\Desktop\\dev\\New folder\\src\\app.ts": {"path":"C:\\Users\\safia\\OneDrive\\Desktop\\dev\\New folder\\src\\app.ts","statementMap":{"0":{"start":{"line":1,"column":0},"end":{"line":1,"column":30}},"1":{"start":{"line":2,"column":0},"end":{"line":2,"column":48}},"2":{"start":{"line":3,"column":0},"end":{"line":3,"column":52}},"3":{"start":{"line":5,"column":12},"end":{"line":5,"column":21}},"4":{"start":{"line":6,"column":13},"end":{"line":6,"column":37}},"5":{"start":{"line":8,"column":0},"end":{"line":8,"column":24}},"6":{"start":{"line":9,"column":0},"end":{"line":9,"column":46}},"7":{"start":{"line":11,"column":0},"end":{"line":11,"column":35}},"8":{"start":{"line":12,"column":0},"end":{"line":12,"column":39}},"9":{"start":{"line":14,"column":0},"end":{"line":16,"column":3}},"10":{"start":{"line":15,"column":1},"end":{"line":15,"column":65}},"11":{"start":{"line":18,"column":0},"end":{"line":44,"column":3}},"12":{"start":{"line":19,"column":1},"end":{"line":43,"column":4}},"13":{"start":{"line":46,"column":0},"end":{"line":48,"column":3}},"14":{"start":{"line":47,"column":1},"end":{"line":47,"column":54}},"15":{"start":{"line":50,"column":0},"end":{"line":52,"column":3}},"16":{"start":{"line":51,"column":1},"end":{"line":51,"column":59}},"17":{"start":{"line":54,"column":0},"end":{"line":54,"column":19}}},"fnMap":{"0":{"name":"(anonymous_1)","decl":{"start":{"line":14,"column":19},"end":{"line":14,"column":20}},"loc":{"start":{"line":14,"column":32},"end":{"line":16,"column":1}}},"1":{"name":"(anonymous_2)","decl":{"start":{"line":18,"column":13},"end":{"line":18,"column":14}},"loc":{"start":{"line":18,"column":26},"end":{"line":44,"column":1}}},"2":{"name":"(anonymous_3)","decl":{"start":{"line":46,"column":8},"end":{"line":46,"column":9}},"loc":{"start":{"line":46,"column":21},"end":{"line":48,"column":1}}},"3":{"name":"(anonymous_4)","decl":{"start":{"line":50,"column":17},"end":{"line":50,"column":20}},"loc":{"start":{"line":50,"column":22},"end":{"line":52,"column":1}}}},"branchMap":{"0":{"loc":{"start":{"line":6,"column":13},"end":{"line":6,"column":37}},"type":"binary-expr","locations":[{"start":{"line":6,"column":13},"end":{"line":6,"column":29}},{"start":{"line":6,"column":33},"end":{"line":6,"column":37}}]}},"s":{"0":1,"1":1,"2":1,"3":1,"4":1,"5":1,"6":1,"7":1,"8":1,"9":1,"10":1,"11":1,"12":1,"13":1,"14":0,"15":1,"16":1,"17":1},"f":{"0":1,"1":1,"2":0,"3":1},"b":{"0":[1,1]}}
,"C:\\Users\\safia\\OneDrive\\Desktop\\dev\\New folder\\src\\middleware\\auth.middleware.ts": {"path":"C:\\Users\\safia\\OneDrive\\Desktop\\dev\\New folder\\src\\middleware\\auth.middleware.ts","statementMap":{"0":{"start":{"line":4,"column":0},"end":{"line":4,"column":16}},"1":{"start":{"line":2,"column":0},"end":{"line":2,"column":45}},"2":{"start":{"line":9,"column":20},"end":{"line":9,"column":45}},"3":{"start":{"line":11,"column":1},"end":{"line":19,"column":2}},"4":{"start":{"line":12,"column":2},"end":{"line":17,"column":6}},"5":{"start":{"line":18,"column":2},"end":{"line":18,"column":9}},"6":{"start":{"line":21,"column":15},"end":{"line":21,"column":36}},"7":{"start":{"line":23,"column":1},"end":{"line":28,"column":2}},"8":{"start":{"line":24,"column":2},"end":{"line":26,"column":74}},"9":{"start":{"line":27,"column":2},"end":{"line":27,"column":9}},"10":{"start":{"line":30,"column":15},"end":{"line":30,"column":23}},"11":{"start":{"line":32,"column":1},"end":{"line":35,"column":2}},"12":{"start":{"line":33,"column":2},"end":{"line":33,"column":52}},"13":{"start":{"line":34,"column":2},"end":{"line":34,"column":9}},"14":{"start":{"line":37,"column":2},"end":{"line":37,"column":28}},"15":{"start":{"line":39,"column":1},"end":{"line":39,"column":8}}},"fnMap":{"0":{"name":"authMiddleware","decl":{"start":{"line":4,"column":16},"end":{"line":4,"column":30}},"loc":{"start":{"line":7,"column":19},"end":{"line":40,"column":1}}}},"branchMap":{"0":{"loc":{"start":{"line":11,"column":1},"end":{"line":19,"column":2}},"type":"if","locations":[{"start":{"line":11,"column":1},"end":{"line":19,"column":2}},{"start":{},"end":{}}]},"1":{"loc":{"start":{"line":23,"column":1},"end":{"line":28,"column":2}},"type":"if","locations":[{"start":{"line":23,"column":1},"end":{"line":28,"column":2}},{"start":{},"end":{}}]},"2":{"loc":{"start":{"line":23,"column":5},"end":{"line":23,"column":48}},"type":"binary-expr","locations":[{"start":{"line":23,"column":5},"end":{"line":23,"column":23}},{"start":{"line":23,"column":27},"end":{"line":23,"column":48}}]},"3":{"loc":{"start":{"line":32,"column":1},"end":{"line":35,"column":2}},"type":"if","locations":[{"start":{"line":32,"column":1},"end":{"line":35,"column":2}},{"start":{},"end":{}}]},"4":{"loc":{"start":{"line":32,"column":5},"end":{"line":32,"column":35}},"type":"binary-expr","locations":[{"start":{"line":32,"column":5},"end":{"line":32,"column":11}},{"start":{"line":32,"column":15},"end":{"line":32,"column":35}}]}},"s":{"0":1,"1":1,"2":5,"3":5,"4":1,"5":1,"6":4,"7":4,"8":0,"9":0,"10":4,"11":4,"12":1,"13":1,"14":3,"15":3},"f":{"0":5},"b":{"0":[1,4],"1":[0,4],"2":[4,4],"3":[1,3],"4":[4,4]}}
,"C:\\Users\\safia\\OneDrive\\Desktop\\dev\\New folder\\src\\middleware\\rateLimit.middleware.ts": {"path":"C:\\Users\\safia\\OneDrive\\Desktop\\dev\\New folder\\src\\middleware\\rateLimit.middleware.ts","statementMap":{"0":{"start":{"line":9,"column":0},"end":{"line":9,"column":16}},"1":{"start":{"line":45,"column":0},"end":{"line":45,"column":16}},"2":{"start":{"line":2,"column":0},"end":{"line":2,"column":null}},"3":{"start":{"line":7,"column":0},"end":{"line":7,"column":46}},"4":{"start":{"line":14,"column":16},"end":{"line":14,"column":33}},"5":{"start":{"line":16,"column":1},"end":{"line":19,"column":2}},"6":{"start":{"line":17,"column":2},"end":{"line":17,"column":54}},"7":{"start":{"line":18,"column":2},"end":{"line":18,"column":9}},"8":{"start":{"line":21,"column":14},"end":{"line":21,"column":22}},"9":{"start":{"line":23,"column":1},"end":{"line":26,"column":2}},"10":{"start":{"line":24,"column":2},"end":{"line":24,"column":77}},"11":{"start":{"line":25,"column":2},"end":{"line":25,"column":9}},"12":{"start":{"line":28,"column":19},"end":{"line":28,"column":35}},"13":{"start":{"line":30,"column":1},"end":{"line":38,"column":2}},"14":{"start":{"line":31,"column":20},"end":{"line":31,"column":44}},"15":{"start":{"line":32,"column":2},"end":{"line":36,"column":5}},"16":{"start":{"line":37,"column":2},"end":{"line":37,"column":9}},"17":{"start":{"line":40,"column":2},"end":{"line":40,"column":36}},"18":{"start":{"line":42,"column":1},"end":{"line":42,"column":8}},"19":{"start":{"line":50,"column":16},"end":{"line":50,"column":33}},"20":{"start":{"line":51,"column":20},"end":{"line":51,"column":41}},"21":{"start":{"line":53,"column":1},"end":{"line":55,"column":2}},"22":{"start":{"line":54,"column":2},"end":{"line":54,"column":36}},"23":{"start":{"line":57,"column":1},"end":{"line":57,"column":8}}},"fnMap":{"0":{"name":"rateLimitMiddleware","decl":{"start":{"line":9,"column":16},"end":{"line":9,"column":35}},"loc":{"start":{"line":12,"column":19},"end":{"line":43,"column":1}}},"1":{"name":"countWordsMiddleware","decl":{"start":{"line":45,"column":16},"end":{"line":45,"column":36}},"loc":{"start":{"line":48,"column":19},"end":{"line":58,"column":1}}}},"branchMap":{"0":{"loc":{"start":{"line":16,"column":1},"end":{"line":19,"column":2}},"type":"if","locations":[{"start":{"line":16,"column":1},"end":{"line":19,"column":2}},{"start":{},"end":{}}]},"1":{"loc":{"start":{"line":23,"column":1},"end":{"line":26,"column":2}},"type":"if","locations":[{"start":{"line":23,"column":1},"end":{"line":26,"column":2}},{"start":{},"end":{}}]},"2":{"loc":{"start":{"line":30,"column":1},"end":{"line":38,"column":2}},"type":"if","locations":[{"start":{"line":30,"column":1},"end":{"line":38,"column":2}},{"start":{},"end":{}}]},"3":{"loc":{"start":{"line":53,"column":1},"end":{"line":55,"column":2}},"type":"if","locations":[{"start":{"line":53,"column":1},"end":{"line":55,"column":2}},{"start":{},"end":{}}]},"4":{"loc":{"start":{"line":53,"column":5},"end":{"line":53,"column":23}},"type":"binary-expr","locations":[{"start":{"line":53,"column":5},"end":{"line":53,"column":10}},{"start":{"line":53,"column":14},"end":{"line":53,"column":23}}]}},"s":{"0":1,"1":1,"2":1,"3":1,"4":3,"5":3,"6":0,"7":0,"8":3,"9":3,"10":0,"11":0,"12":3,"13":3,"14":0,"15":0,"16":0,"17":3,"18":3,"19":0,"20":0,"21":0,"22":0,"23":0},"f":{"0":3,"1":0},"b":{"0":[0,3],"1":[0,3],"2":[0,3],"3":[0,0],"4":[0,0]}}
,"C:\\Users\\safia\\OneDrive\\Desktop\\dev\\New folder\\src\\routes\\justify.routes.ts": {"path":"C:\\Users\\safia\\OneDrive\\Desktop\\dev\\New folder\\src\\routes\\justify.routes.ts","statementMap":{"0":{"start":{"line":1,"column":0},"end":{"line":1,"column":52}},"1":{"start":{"line":2,"column":0},"end":{"line":2,"column":47}},"2":{"start":{"line":3,"column":0},"end":{"line":3,"column":63}},"3":{"start":{"line":4,"column":0},"end":{"line":4,"column":73}},"4":{"start":{"line":5,"column":0},"end":{"line":5,"column":48}},"5":{"start":{"line":7,"column":15},"end":{"line":7,"column":23}},"6":{"start":{"line":9,"column":0},"end":{"line":40,"column":2}},"7":{"start":{"line":14,"column":15},"end":{"line":14,"column":33}},"8":{"start":{"line":16,"column":2},"end":{"line":19,"column":3}},"9":{"start":{"line":17,"column":3},"end":{"line":17,"column":58}},"10":{"start":{"line":18,"column":3},"end":{"line":18,"column":10}},"11":{"start":{"line":21,"column":2},"end":{"line":24,"column":3}},"12":{"start":{"line":22,"column":3},"end":{"line":22,"column":58}},"13":{"start":{"line":23,"column":3},"end":{"line":23,"column":10}},"14":{"start":{"line":26,"column":2},"end":{"line":38,"column":3}},"15":{"start":{"line":27,"column":25},"end":{"line":27,"column":42}},"16":{"start":{"line":29,"column":18},"end":{"line":29,"column":35}},"17":{"start":{"line":30,"column":22},"end":{"line":30,"column":43}},"18":{"start":{"line":31,"column":3},"end":{"line":33,"column":4}},"19":{"start":{"line":32,"column":4},"end":{"line":32,"column":38}},"20":{"start":{"line":35,"column":3},"end":{"line":35,"column":46}},"21":{"start":{"line":37,"column":3},"end":{"line":37,"column":53}},"22":{"start":{"line":42,"column":0},"end":{"line":42,"column":22}}},"fnMap":{"0":{"name":"(anonymous_0)","decl":{"start":{"line":13,"column":1},"end":{"line":13,"column":2}},"loc":{"start":{"line":13,"column":33},"end":{"line":39,"column":2}}}},"branchMap":{"0":{"loc":{"start":{"line":16,"column":2},"end":{"line":19,"column":3}},"type":"if","locations":[{"start":{"line":16,"column":2},"end":{"line":19,"column":3}},{"start":{},"end":{}}]},"1":{"loc":{"start":{"line":16,"column":6},"end":{"line":16,"column":39}},"type":"binary-expr","locations":[{"start":{"line":16,"column":6},"end":{"line":16,"column":11}},{"start":{"line":16,"column":15},"end":{"line":16,"column":39}}]},"2":{"loc":{"start":{"line":21,"column":2},"end":{"line":24,"column":3}},"type":"if","locations":[{"start":{"line":21,"column":2},"end":{"line":24,"column":3}},{"start":{},"end":{}}]},"3":{"loc":{"start":{"line":31,"column":3},"end":{"line":33,"column":4}},"type":"if","locations":[{"start":{"line":31,"column":3},"end":{"line":33,"column":4}},{"start":{},"end":{}}]},"4":{"loc":{"start":{"line":31,"column":7},"end":{"line":31,"column":25}},"type":"binary-expr","locations":[{"start":{"line":31,"column":7},"end":{"line":31,"column":12}},{"start":{"line":31,"column":16},"end":{"line":31,"column":25}}]}},"s":{"0":1,"1":1,"2":1,"3":1,"4":1,"5":1,"6":1,"7":3,"8":3,"9":0,"10":0,"11":3,"12":1,"13":1,"14":2,"15":2,"16":2,"17":2,"18":2,"19":2,"20":2,"21":0,"22":1},"f":{"0":3},"b":{"0":[0,3],"1":[3,3],"2":[1,2],"3":[2,0],"4":[2,2]}}
,"C:\\Users\\safia\\OneDrive\\Desktop\\dev\\New folder\\src\\routes\\token.routes.ts": {"path":"C:\\Users\\safia\\OneDrive\\Desktop\\dev\\New folder\\src\\routes\\token.routes.ts","statementMap":{"0":{"start":{"line":1,"column":0},"end":{"line":1,"column":52}},"1":{"start":{"line":2,"column":0},"end":{"line":2,"column":46}},"2":{"start":{"line":4,"column":15},"end":{"line":4,"column":23}},"3":{"start":{"line":10,"column":0},"end":{"line":27,"column":3}},"4":{"start":{"line":11,"column":14},"end":{"line":11,"column":38}},"5":{"start":{"line":13,"column":1},"end":{"line":16,"column":2}},"6":{"start":{"line":14,"column":2},"end":{"line":14,"column":50}},"7":{"start":{"line":15,"column":2},"end":{"line":15,"column":9}},"8":{"start":{"line":18,"column":20},"end":{"line":18,"column":48}},"9":{"start":{"line":19,"column":1},"end":{"line":22,"column":2}},"10":{"start":{"line":20,"column":2},"end":{"line":20,"column":61}},"11":{"start":{"line":21,"column":2},"end":{"line":21,"column":9}},"12":{"start":{"line":24,"column":15},"end":{"line":24,"column":40}},"13":{"start":{"line":26,"column":1},"end":{"line":26,"column":21}},"14":{"start":{"line":29,"column":0},"end":{"line":29,"column":22}}},"fnMap":{"0":{"name":"(anonymous_0)","decl":{"start":{"line":10,"column":17},"end":{"line":10,"column":18}},"loc":{"start":{"line":10,"column":49},"end":{"line":27,"column":1}}}},"branchMap":{"0":{"loc":{"start":{"line":13,"column":1},"end":{"line":16,"column":2}},"type":"if","locations":[{"start":{"line":13,"column":1},"end":{"line":16,"column":2}},{"start":{},"end":{}}]},"1":{"loc":{"start":{"line":19,"column":1},"end":{"line":22,"column":2}},"type":"if","locations":[{"start":{"line":19,"column":1},"end":{"line":22,"column":2}},{"start":{},"end":{}}]}},"s":{"0":1,"1":1,"2":1,"3":1,"4":10,"5":10,"6":1,"7":1,"8":9,"9":9,"10":1,"11":1,"12":8,"13":8,"14":1},"f":{"0":10},"b":{"0":[1,9],"1":[1,8]}}
,"C:\\Users\\safia\\OneDrive\\Desktop\\dev\\New folder\\src\\utils\\auth.ts": {"path":"C:\\Users\\safia\\OneDrive\\Desktop\\dev\\New folder\\src\\utils\\auth.ts","statementMap":{"0":{"start":{"line":14,"column":0},"end":{"line":14,"column":16}},"1":{"start":{"line":35,"column":0},"end":{"line":35,"column":16}},"2":{"start":{"line":39,"column":0},"end":{"line":39,"column":16}},"3":{"start":{"line":43,"column":0},"end":{"line":43,"column":16}},"4":{"start":{"line":59,"column":0},"end":{"line":59,"column":16}},"5":{"start":{"line":73,"column":0},"end":{"line":73,"column":16}},"6":{"start":{"line":88,"column":0},"end":{"line":88,"column":16}},"7":{"start":{"line":1,"column":0},"end":{"line":1,"column":28}},"8":{"start":{"line":10,"column":39},"end":{"line":10,"column":48}},"9":{"start":{"line":12,"column":25},"end":{"line":12,"column":30}},"10":{"start":{"line":15,"column":1},"end":{"line":19,"column":2}},"11":{"start":{"line":16,"column":2},"end":{"line":18,"column":3}},"12":{"start":{"line":17,"column":3},"end":{"line":17,"column":16}},"13":{"start":{"line":22,"column":15},"end":{"line":22,"column":53}},"14":{"start":{"line":23,"column":15},"end":{"line":23,"column":53}},"15":{"start":{"line":25,"column":1},"end":{"line":30,"column":4}},"16":{"start":{"line":32,"column":1},"end":{"line":32,"column":14}},"17":{"start":{"line":36,"column":1},"end":{"line":36,"column":26}},"18":{"start":{"line":40,"column":1},"end":{"line":40,"column":26}},"19":{"start":{"line":44,"column":14},"end":{"line":44,"column":31}},"20":{"start":{"line":45,"column":1},"end":{"line":47,"column":2}},"21":{"start":{"line":46,"column":2},"end":{"line":46,"column":15}},"22":{"start":{"line":49,"column":15},"end":{"line":49,"column":53}},"23":{"start":{"line":51,"column":1},"end":{"line":54,"column":2}},"24":{"start":{"line":52,"column":2},"end":{"line":52,"column":21}},"25":{"start":{"line":53,"column":2},"end":{"line":53,"column":29}},"26":{"start":{"line":56,"column":1},"end":{"line":56,"column":55}},"27":{"start":{"line":60,"column":14},"end":{"line":60,"column":31}},"28":{"start":{"line":61,"column":1},"end":{"line":70,"column":2}},"29":{"start":{"line":62,"column":16},"end":{"line":62,"column":54}},"30":{"start":{"line":64,"column":2},"end":{"line":67,"column":3}},"31":{"start":{"line":65,"column":3},"end":{"line":65,"column":22}},"32":{"start":{"line":66,"column":3},"end":{"line":66,"column":30}},"33":{"start":{"line":69,"column":2},"end":{"line":69,"column":30}},"34":{"start":{"line":74,"column":14},"end":{"line":74,"column":31}},"35":{"start":{"line":75,"column":1},"end":{"line":77,"column":2}},"36":{"start":{"line":76,"column":2},"end":{"line":76,"column":11}},"37":{"start":{"line":79,"column":15},"end":{"line":79,"column":53}},"38":{"start":{"line":81,"column":1},"end":{"line":83,"column":2}},"39":{"start":{"line":82,"column":2},"end":{"line":82,"column":26}},"40":{"start":{"line":85,"column":1},"end":{"line":85,"column":55}},"41":{"start":{"line":89,"column":1},"end":{"line":89,"column":16}}},"fnMap":{"0":{"name":"generateToken","decl":{"start":{"line":14,"column":16},"end":{"line":14,"column":29}},"loc":{"start":{"line":14,"column":43},"end":{"line":33,"column":1}}},"1":{"name":"isValidToken","decl":{"start":{"line":35,"column":16},"end":{"line":35,"column":28}},"loc":{"start":{"line":35,"column":42},"end":{"line":37,"column":1}}},"2":{"name":"getTokenData","decl":{"start":{"line":39,"column":16},"end":{"line":39,"column":28}},"loc":{"start":{"line":39,"column":42},"end":{"line":41,"column":1}}},"3":{"name":"canProcessWords","decl":{"start":{"line":43,"column":16},"end":{"line":43,"column":31}},"loc":{"start":{"line":43,"column":64},"end":{"line":57,"column":1}}},"4":{"name":"addWordsToCount","decl":{"start":{"line":59,"column":16},"end":{"line":59,"column":31}},"loc":{"start":{"line":59,"column":64},"end":{"line":71,"column":1}}},"5":{"name":"getRemainingWords","decl":{"start":{"line":73,"column":16},"end":{"line":73,"column":33}},"loc":{"start":{"line":73,"column":47},"end":{"line":86,"column":1}}},"6":{"name":"resetTokens","decl":{"start":{"line":88,"column":16},"end":{"line":88,"column":27}},"loc":{"start":{"line":88,"column":27},"end":{"line":90,"column":1}}}},"branchMap":{"0":{"loc":{"start":{"line":16,"column":2},"end":{"line":18,"column":3}},"type":"if","locations":[{"start":{"line":16,"column":2},"end":{"line":18,"column":3}},{"start":{},"end":{}}]},"1":{"loc":{"start":{"line":45,"column":1},"end":{"line":47,"column":2}},"type":"if","locations":[{"start":{"line":45,"column":1},"end":{"line":47,"column":2}},{"start":{},"end":{}}]},"2":{"loc":{"start":{"line":51,"column":1},"end":{"line":54,"column":2}},"type":"if","locations":[{"start":{"line":51,"column":1},"end":{"line":54,"column":2}},{"start":{},"end":{}}]},"3":{"loc":{"start":{"line":61,"column":1},"end":{"line":70,"column":2}},"type":"if","locations":[{"start":{"line":61,"column":1},"end":{"line":70,"column":2}},{"start":{},"end":{}}]},"4":{"loc":{"start":{"line":64,"column":2},"end":{"line":67,"column":3}},"type":"if","locations":[{"start":{"line":64,"column":2},"end":{"line":67,"column":3}},{"start":{},"end":{}}]},"5":{"loc":{"start":{"line":75,"column":1},"end":{"line":77,"column":2}},"type":"if","locations":[{"start":{"line":75,"column":1},"end":{"line":77,"column":2}},{"start":{},"end":{}}]},"6":{"loc":{"start":{"line":81,"column":1},"end":{"line":83,"column":2}},"type":"if","locations":[{"start":{"line":81,"column":1},"end":{"line":83,"column":2}},{"start":{},"end":{}}]}},"s":{"0":2,"1":2,"2":2,"3":2,"4":2,"5":2,"6":2,"7":2,"8":2,"9":2,"10":19,"11":3,"12":2,"13":17,"14":17,"15":17,"16":17,"17":6,"18":0,"19":6,"20":6,"21":1,"22":5,"23":5,"24":0,"25":0,"26":5,"27":5,"28":5,"29":5,"30":5,"31":0,"32":0,"33":5,"34":4,"35":4,"36":1,"37":3,"38":3,"39":0,"40":3,"41":23},"f":{"0":19,"1":6,"2":0,"3":6,"4":5,"5":4,"6":23},"b":{"0":[2,1],"1":[1,5],"2":[0,5],"3":[5,0],"4":[0,5],"5":[1,3],"6":[0,3]}}
,"C:\\Users\\safia\\OneDrive\\Desktop\\dev\\New folder\\src\\utils\\justify.ts": {"path":"C:\\Users\\safia\\OneDrive\\Desktop\\dev\\New folder\\src\\utils\\justify.ts","statementMap":{"0":{"start":{"line":3,"column":0},"end":{"line":3,"column":16}},"1":{"start":{"line":79,"column":0},"end":{"line":79,"column":16}},"2":{"start":{"line":1,"column":20},"end":{"line":1,"column":22}},"3":{"start":{"line":4,"column":20},"end":{"line":4,"column":41}},"4":{"start":{"line":6,"column":29},"end":{"line":14,"column":3}},"5":{"start":{"line":7,"column":27},"end":{"line":7,"column":63}},"6":{"start":{"line":9,"column":2},"end":{"line":11,"column":3}},"7":{"start":{"line":10,"column":3},"end":{"line":10,"column":13}},"8":{"start":{"line":13,"column":2},"end":{"line":13,"column":44}},"9":{"start":{"line":16,"column":1},"end":{"line":16,"column":41}},"10":{"start":{"line":20,"column":15},"end":{"line":20,"column":71}},"11":{"start":{"line":20,"column":55},"end":{"line":20,"column":70}},"12":{"start":{"line":22,"column":1},"end":{"line":24,"column":2}},"13":{"start":{"line":23,"column":2},"end":{"line":23,"column":12}},"14":{"start":{"line":26,"column":25},"end":{"line":26,"column":27}},"15":{"start":{"line":27,"column":34},"end":{"line":27,"column":36}},"16":{"start":{"line":28,"column":25},"end":{"line":28,"column":26}},"17":{"start":{"line":30,"column":1},"end":{"line":44,"column":2}},"18":{"start":{"line":32,"column":3},"end":{"line":32,"column":64}},"19":{"start":{"line":34,"column":2},"end":{"line":43,"column":3}},"20":{"start":{"line":35,"column":3},"end":{"line":35,"column":31}},"21":{"start":{"line":36,"column":3},"end":{"line":36,"column":41}},"22":{"start":{"line":38,"column":3},"end":{"line":40,"column":4}},"23":{"start":{"line":39,"column":4},"end":{"line":39,"column":59}},"24":{"start":{"line":41,"column":3},"end":{"line":41,"column":29}},"25":{"start":{"line":42,"column":3},"end":{"line":42,"column":35}},"26":{"start":{"line":46,"column":1},"end":{"line":48,"column":2}},"27":{"start":{"line":47,"column":2},"end":{"line":47,"column":41}},"28":{"start":{"line":50,"column":1},"end":{"line":50,"column":25}},"29":{"start":{"line":54,"column":1},"end":{"line":56,"column":2}},"30":{"start":{"line":55,"column":2},"end":{"line":55,"column":18}},"31":{"start":{"line":58,"column":26},"end":{"line":58,"column":75}},"32":{"start":{"line":58,"column":54},"end":{"line":58,"column":71}},"33":{"start":{"line":59,"column":27},"end":{"line":59,"column":58}},"34":{"start":{"line":60,"column":14},"end":{"line":60,"column":30}},"35":{"start":{"line":62,"column":20},"end":{"line":62,"column":56}},"36":{"start":{"line":63,"column":21},"end":{"line":63,"column":45}},"37":{"start":{"line":65,"column":14},"end":{"line":65,"column":16}},"38":{"start":{"line":67,"column":1},"end":{"line":74,"column":2}},"39":{"start":{"line":67,"column":14},"end":{"line":67,"column":15}},"40":{"start":{"line":68,"column":2},"end":{"line":68,"column":21}},"41":{"start":{"line":70,"column":2},"end":{"line":73,"column":3}},"42":{"start":{"line":71,"column":23},"end":{"line":71,"column":61}},"43":{"start":{"line":72,"column":3},"end":{"line":72,"column":37}},"44":{"start":{"line":76,"column":1},"end":{"line":76,"column":15}},"45":{"start":{"line":80,"column":15},"end":{"line":80,"column":66}},"46":{"start":{"line":80,"column":50},"end":{"line":80,"column":65}},"47":{"start":{"line":81,"column":1},"end":{"line":81,"column":21}}},"fnMap":{"0":{"name":"justifyText","decl":{"start":{"line":3,"column":16},"end":{"line":3,"column":27}},"loc":{"start":{"line":3,"column":40},"end":{"line":17,"column":1}}},"1":{"name":"(anonymous_1)","decl":{"start":{"line":6,"column":44},"end":{"line":6,"column":45}},"loc":{"start":{"line":6,"column":58},"end":{"line":14,"column":2}}},"2":{"name":"justifyParagraph","decl":{"start":{"line":19,"column":9},"end":{"line":19,"column":25}},"loc":{"start":{"line":19,"column":43},"end":{"line":51,"column":1}}},"3":{"name":"(anonymous_3)","decl":{"start":{"line":20,"column":45},"end":{"line":20,"column":46}},"loc":{"start":{"line":20,"column":55},"end":{"line":20,"column":70}}},"4":{"name":"justifyLine","decl":{"start":{"line":53,"column":9},"end":{"line":53,"column":20}},"loc":{"start":{"line":53,"column":58},"end":{"line":77,"column":1}}},"5":{"name":"(anonymous_5)","decl":{"start":{"line":58,"column":39},"end":{"line":58,"column":40}},"loc":{"start":{"line":58,"column":54},"end":{"line":58,"column":71}}},"6":{"name":"countWords","decl":{"start":{"line":79,"column":16},"end":{"line":79,"column":26}},"loc":{"start":{"line":79,"column":39},"end":{"line":82,"column":1}}},"7":{"name":"(anonymous_7)","decl":{"start":{"line":80,"column":40},"end":{"line":80,"column":41}},"loc":{"start":{"line":80,"column":50},"end":{"line":80,"column":65}}}},"branchMap":{"0":{"loc":{"start":{"line":9,"column":2},"end":{"line":11,"column":3}},"type":"if","locations":[{"start":{"line":9,"column":2},"end":{"line":11,"column":3}},{"start":{},"end":{}}]},"1":{"loc":{"start":{"line":22,"column":1},"end":{"line":24,"column":2}},"type":"if","locations":[{"start":{"line":22,"column":1},"end":{"line":24,"column":2}},{"start":{},"end":{}}]},"2":{"loc":{"start":{"line":32,"column":3},"end":{"line":32,"column":64}},"type":"cond-expr","locations":[{"start":{"line":32,"column":35},"end":{"line":32,"column":46}},{"start":{"line":32,"column":49},"end":{"line":32,"column":64}}]},"3":{"loc":{"start":{"line":34,"column":2},"end":{"line":43,"column":3}},"type":"if","locations":[{"start":{"line":34,"column":2},"end":{"line":43,"column":3}},{"start":{"line":37,"column":9},"end":{"line":43,"column":3}}]},"4":{"loc":{"start":{"line":38,"column":3},"end":{"line":40,"column":4}},"type":"if","locations":[{"start":{"line":38,"column":3},"end":{"line":40,"column":4}},{"start":{},"end":{}}]},"5":{"loc":{"start":{"line":46,"column":1},"end":{"line":48,"column":2}},"type":"if","locations":[{"start":{"line":46,"column":1},"end":{"line":48,"column":2}},{"start":{},"end":{}}]},"6":{"loc":{"start":{"line":54,"column":1},"end":{"line":56,"column":2}},"type":"if","locations":[{"start":{"line":54,"column":1},"end":{"line":56,"column":2}},{"start":{},"end":{}}]},"7":{"loc":{"start":{"line":70,"column":2},"end":{"line":73,"column":3}},"type":"if","locations":[{"start":{"line":70,"column":2},"end":{"line":73,"column":3}},{"start":{},"end":{}}]},"8":{"loc":{"start":{"line":71,"column":37},"end":{"line":71,"column":60}},"type":"cond-expr","locations":[{"start":{"line":71,"column":55},"end":{"line":71,"column":56}},{"start":{"line":71,"column":59},"end":{"line":71,"column":60}}]}},"s":{"0":2,"1":2,"2":2,"3":9,"4":9,"5":12,"6":12,"7":1,"8":11,"9":9,"10":11,"11":100,"12":11,"13":0,"14":11,"15":11,"16":11,"17":11,"18":100,"19":100,"20":96,"21":96,"22":4,"23":4,"24":4,"25":4,"26":11,"27":11,"28":11,"29":4,"30":0,"31":4,"32":50,"33":4,"34":4,"35":4,"36":4,"37":4,"38":4,"39":4,"40":50,"41":50,"42":46,"43":46,"44":4,"45":9,"46":70,"47":9},"f":{"0":9,"1":12,"2":11,"3":100,"4":4,"5":50,"6":9,"7":70},"b":{"0":[1,11],"1":[0,11],"2":[11,89],"3":[96,4],"4":[4,0],"5":[11,0],"6":[0,4],"7":[46,4],"8":[12,34]}}
}
