TN:
SF:src\app.ts
FN:14,(anonymous_1)
FN:18,(anonymous_2)
FN:46,(anonymous_3)
FN:50,(anonymous_4)
FNF:4
FNH:3
FNDA:1,(anonymous_1)
FNDA:1,(anonymous_2)
FNDA:0,(anonymous_3)
FNDA:1,(anonymous_4)
DA:1,1
DA:2,1
DA:3,1
DA:5,1
DA:6,1
DA:8,1
DA:9,1
DA:11,1
DA:12,1
DA:14,1
DA:15,1
DA:18,1
DA:19,1
DA:46,1
DA:47,0
DA:50,1
DA:51,1
DA:54,1
LF:18
LH:17
BRDA:6,0,0,1
BRDA:6,0,1,1
BRF:2
BRH:2
end_of_record
TN:
SF:src\middleware\auth.middleware.ts
FN:4,authMiddleware
FNF:1
FNH:1
FNDA:5,authMiddleware
DA:2,1
DA:4,1
DA:9,5
DA:11,5
DA:12,1
DA:18,1
DA:21,4
DA:23,4
DA:24,0
DA:27,0
DA:30,4
DA:32,4
DA:33,1
DA:34,1
DA:37,3
DA:39,3
LF:16
LH:14
BRDA:11,0,0,1
BRDA:11,0,1,4
BRDA:23,1,0,0
BRDA:23,1,1,4
BRDA:23,2,0,4
BRDA:23,2,1,4
BRDA:32,3,0,1
BRDA:32,3,1,3
BRDA:32,4,0,4
BRDA:32,4,1,4
BRF:10
BRH:9
end_of_record
TN:
SF:src\middleware\rateLimit.middleware.ts
FN:9,rateLimitMiddleware
FN:45,countWordsMiddleware
FNF:2
FNH:1
FNDA:3,rateLimitMiddleware
FNDA:0,countWordsMiddleware
DA:2,1
DA:7,1
DA:9,1
DA:14,3
DA:16,3
DA:17,0
DA:18,0
DA:21,3
DA:23,3
DA:24,0
DA:25,0
DA:28,3
DA:30,3
DA:31,0
DA:32,0
DA:37,0
DA:40,3
DA:42,3
DA:45,1
DA:50,0
DA:51,0
DA:53,0
DA:54,0
DA:57,0
LF:24
LH:12
BRDA:16,0,0,0
BRDA:16,0,1,3
BRDA:23,1,0,0
BRDA:23,1,1,3
BRDA:30,2,0,0
BRDA:30,2,1,3
BRDA:53,3,0,0
BRDA:53,3,1,0
BRDA:53,4,0,0
BRDA:53,4,1,0
BRF:10
BRH:3
end_of_record
TN:
SF:src\routes\justify.routes.ts
FN:13,(anonymous_0)
FNF:1
FNH:1
FNDA:3,(anonymous_0)
DA:1,1
DA:2,1
DA:3,1
DA:4,1
DA:5,1
DA:7,1
DA:9,1
DA:14,3
DA:16,3
DA:17,0
DA:18,0
DA:21,3
DA:22,1
DA:23,1
DA:26,2
DA:27,2
DA:29,2
DA:30,2
DA:31,2
DA:32,2
DA:35,2
DA:37,0
DA:42,1
LF:23
LH:20
BRDA:16,0,0,0
BRDA:16,0,1,3
BRDA:16,1,0,3
BRDA:16,1,1,3
BRDA:21,2,0,1
BRDA:21,2,1,2
BRDA:31,3,0,2
BRDA:31,3,1,0
BRDA:31,4,0,2
BRDA:31,4,1,2
BRF:10
BRH:8
end_of_record
TN:
SF:src\routes\token.routes.ts
FN:10,(anonymous_0)
FNF:1
FNH:1
FNDA:10,(anonymous_0)
DA:1,1
DA:2,1
DA:4,1
DA:10,1
DA:11,10
DA:13,10
DA:14,1
DA:15,1
DA:18,9
DA:19,9
DA:20,1
DA:21,1
DA:24,8
DA:26,8
DA:29,1
LF:15
LH:15
BRDA:13,0,0,1
BRDA:13,0,1,9
BRDA:19,1,0,1
BRDA:19,1,1,8
BRF:4
BRH:4
end_of_record
TN:
SF:src\utils\auth.ts
FN:14,generateToken
FN:35,isValidToken
FN:39,getTokenData
FN:43,canProcessWords
FN:59,addWordsToCount
FN:73,getRemainingWords
FN:88,resetTokens
FNF:7
FNH:6
FNDA:19,generateToken
FNDA:6,isValidToken
FNDA:0,getTokenData
FNDA:6,canProcessWords
FNDA:5,addWordsToCount
FNDA:4,getRemainingWords
FNDA:23,resetTokens
DA:1,2
DA:10,2
DA:12,2
DA:14,2
DA:15,19
DA:16,3
DA:17,2
DA:22,17
DA:23,17
DA:25,17
DA:32,17
DA:35,2
DA:36,6
DA:39,2
DA:40,0
DA:43,2
DA:44,6
DA:45,6
DA:46,1
DA:49,5
DA:51,5
DA:52,0
DA:53,0
DA:56,5
DA:59,2
DA:60,5
DA:61,5
DA:62,5
DA:64,5
DA:65,0
DA:66,0
DA:69,5
DA:73,2
DA:74,4
DA:75,4
DA:76,1
DA:79,3
DA:81,3
DA:82,0
DA:85,3
DA:88,2
DA:89,23
LF:42
LH:36
BRDA:16,0,0,2
BRDA:16,0,1,1
BRDA:45,1,0,1
BRDA:45,1,1,5
BRDA:51,2,0,0
BRDA:51,2,1,5
BRDA:61,3,0,5
BRDA:61,3,1,0
BRDA:64,4,0,0
BRDA:64,4,1,5
BRDA:75,5,0,1
BRDA:75,5,1,3
BRDA:81,6,0,0
BRDA:81,6,1,3
BRF:14
BRH:10
end_of_record
TN:
SF:src\utils\justify.ts
FN:3,justifyText
FN:6,(anonymous_1)
FN:19,justifyParagraph
FN:20,(anonymous_3)
FN:53,justifyLine
FN:58,(anonymous_5)
FN:79,countWords
FN:80,(anonymous_7)
FNF:8
FNH:8
FNDA:9,justifyText
FNDA:12,(anonymous_1)
FNDA:11,justifyParagraph
FNDA:100,(anonymous_3)
FNDA:4,justifyLine
FNDA:50,(anonymous_5)
FNDA:9,countWords
FNDA:70,(anonymous_7)
DA:1,2
DA:3,2
DA:4,9
DA:6,9
DA:7,12
DA:9,12
DA:10,1
DA:13,11
DA:16,9
DA:20,100
DA:22,11
DA:23,0
DA:26,11
DA:27,11
DA:28,11
DA:30,11
DA:32,100
DA:34,100
DA:35,96
DA:36,96
DA:38,4
DA:39,4
DA:41,4
DA:42,4
DA:46,11
DA:47,11
DA:50,11
DA:54,4
DA:55,0
DA:58,50
DA:59,4
DA:60,4
DA:62,4
DA:63,4
DA:65,4
DA:67,4
DA:68,50
DA:70,50
DA:71,46
DA:72,46
DA:76,4
DA:79,2
DA:80,70
DA:81,9
LF:44
LH:42
BRDA:9,0,0,1
BRDA:9,0,1,11
BRDA:22,1,0,0
BRDA:22,1,1,11
BRDA:32,2,0,11
BRDA:32,2,1,89
BRDA:34,3,0,96
BRDA:34,3,1,4
BRDA:38,4,0,4
BRDA:38,4,1,0
BRDA:46,5,0,11
BRDA:46,5,1,0
BRDA:54,6,0,0
BRDA:54,6,1,4
BRDA:70,7,0,46
BRDA:70,7,1,4
BRDA:71,8,0,12
BRDA:71,8,1,34
BRF:18
BRH:14
end_of_record
